<?xml version="1.0" encoding="UTF-8"?>
<robot generator="Robot 2.9 (Python 3.9.2 on win32)" generated="20210517 23:18:34.355">
<suite id="s1" name="Contact Scenarios" source="C:\Users\tnurt\PycharmProjects\python_traning\rf\contact_scenarios.robot">
<kw name="Init Fixture" library="rf.AddressBook" type="setup">
<status status="PASS" starttime="20210517 23:18:34.563" endtime="20210517 23:18:36.696"></status>
</kw>
<test id="s1-t1" name="Add new contact">
<kw name="Get Contact List" library="rf.AddressBook">
<assign>
<var>${old_list}</var>
</assign>
<msg timestamp="20210517 23:18:39.703" level="INFO">${old_list} = [6:Test1 Test2, 8:firstname1 lastname1, 12:Test1 Test2, 14:Test1 Test2, 16:Test1 Test2, 19:Test1 Test2, 22:firstname1 lastname1, 24:firstname1 lastname1, 25:Test1 Test2, 27:Test1 Test2, 28:7Alex 7Song...</msg>
<status status="PASS" starttime="20210517 23:18:36.696" endtime="20210517 23:18:39.703"></status>
</kw>
<kw name="New Contact" library="rf.AddressBook">
<arguments>
<arg>firstname1</arg>
<arg>middlename1</arg>
<arg>lastname1</arg>
<arg>nickname1</arg>
<arg>title1</arg>
<arg>company1</arg>
<arg>address1</arg>
<arg>home1</arg>
<arg>11111111</arg>
<arg>1111111</arg>
<arg>111111</arg>
<arg>test@te.te</arg>
<arg>test@te.te</arg>
<arg>test@te.te</arg>
<arg>11111.1111</arg>
<arg>111111</arg>
<arg>11111111</arg>
<arg>111111</arg>
<arg>1</arg>
<arg>January</arg>
<arg>1991</arg>
<arg>1</arg>
<arg>January</arg>
<arg>2001</arg>
</arguments>
<assign>
<var>${contact}</var>
</assign>
<msg timestamp="20210517 23:18:39.705" level="INFO">${contact} = None:firstname1 lastname1</msg>
<status status="PASS" starttime="20210517 23:18:39.704" endtime="20210517 23:18:39.705"></status>
</kw>
<kw name="Create Contact" library="rf.AddressBook">
<arguments>
<arg>${contact}</arg>
</arguments>
<status status="PASS" starttime="20210517 23:18:39.705" endtime="20210517 23:18:43.843"></status>
</kw>
<kw name="Get Contact List" library="rf.AddressBook">
<assign>
<var>${new_list}</var>
</assign>
<msg timestamp="20210517 23:18:46.846" level="INFO">${new_list} = [6:Test1 Test2, 8:firstname1 lastname1, 12:Test1 Test2, 14:Test1 Test2, 16:Test1 Test2, 19:Test1 Test2, 22:firstname1 lastname1, 24:firstname1 lastname1, 25:Test1 Test2, 27:Test1 Test2, 28:7Alex 7Song...</msg>
<status status="PASS" starttime="20210517 23:18:43.843" endtime="20210517 23:18:46.847"></status>
</kw>
<kw name="Append To List" library="Collections">
<doc>Adds ``values`` to the end of ``list``.</doc>
<arguments>
<arg>${old_list}</arg>
<arg>${contact}</arg>
</arguments>
<status status="PASS" starttime="20210517 23:18:46.847" endtime="20210517 23:18:46.847"></status>
</kw>
<kw name="Contact Lists Should Be Equal" library="rf.AddressBook">
<arguments>
<arg>${new_list}</arg>
<arg>${old_list}</arg>
</arguments>
<status status="PASS" starttime="20210517 23:18:46.848" endtime="20210517 23:18:46.848"></status>
</kw>
<status status="PASS" starttime="20210517 23:18:36.696" endtime="20210517 23:18:46.848" critical="yes"></status>
</test>
<test id="s1-t2" name="Delete contact">
<kw name="Get Contact List" library="rf.AddressBook">
<assign>
<var>${old_list}</var>
</assign>
<msg timestamp="20210517 23:18:49.860" level="INFO">${old_list} = [6:Test1 Test2, 8:firstname1 lastname1, 12:Test1 Test2, 14:Test1 Test2, 16:Test1 Test2, 19:Test1 Test2, 22:firstname1 lastname1, 24:firstname1 lastname1, 25:Test1 Test2, 27:Test1 Test2, 28:7Alex 7Song...</msg>
<status status="PASS" starttime="20210517 23:18:46.850" endtime="20210517 23:18:49.860"></status>
</kw>
<kw name="Get Length" library="BuiltIn">
<doc>Returns and logs the length of the given item as an integer.</doc>
<arguments>
<arg>${old_list}</arg>
</arguments>
<assign>
<var>${len}</var>
</assign>
<msg timestamp="20210517 23:18:49.861" level="INFO">Length is 54</msg>
<msg timestamp="20210517 23:18:49.861" level="INFO">${len} = 54</msg>
<status status="PASS" starttime="20210517 23:18:49.861" endtime="20210517 23:18:49.861"></status>
</kw>
<kw name="Evaluate" library="BuiltIn">
<doc>Evaluates the given expression in Python and returns the results.</doc>
<arguments>
<arg>random.randrange(${len})</arg>
<arg>random</arg>
</arguments>
<assign>
<var>${index}</var>
</assign>
<msg timestamp="20210517 23:18:49.865" level="INFO">${index} = 13</msg>
<status status="PASS" starttime="20210517 23:18:49.862" endtime="20210517 23:18:49.865"></status>
</kw>
<kw name="Get From List" library="Collections">
<doc>Returns the value specified with an ``index`` from ``list``.</doc>
<arguments>
<arg>${old_list}</arg>
<arg>${index}</arg>
</arguments>
<assign>
<var>${contact}</var>
</assign>
<msg timestamp="20210517 23:18:49.865" level="INFO">${contact} = 32:Test Test</msg>
<status status="PASS" starttime="20210517 23:18:49.865" endtime="20210517 23:18:49.865"></status>
</kw>
<kw name="Delete Contact" library="rf.AddressBook">
<arguments>
<arg>${contact}</arg>
</arguments>
<status status="PASS" starttime="20210517 23:18:49.866" endtime="20210517 23:18:52.160"></status>
</kw>
<kw name="Get Contact List" library="rf.AddressBook">
<assign>
<var>${new_list}</var>
</assign>
<msg timestamp="20210517 23:18:55.173" level="INFO">${new_list} = [6:Test1 Test2, 8:firstname1 lastname1, 12:Test1 Test2, 14:Test1 Test2, 16:Test1 Test2, 19:Test1 Test2, 22:firstname1 lastname1, 24:firstname1 lastname1, 25:Test1 Test2, 27:Test1 Test2, 28:7Alex 7Song...</msg>
<status status="PASS" starttime="20210517 23:18:52.161" endtime="20210517 23:18:55.173"></status>
</kw>
<kw name="Remove Values From List" library="Collections">
<doc>Removes all occurrences of given ``values`` from ``list``.</doc>
<arguments>
<arg>${old_list}</arg>
<arg>${contact}</arg>
</arguments>
<status status="PASS" starttime="20210517 23:18:55.174" endtime="20210517 23:18:55.175"></status>
</kw>
<kw name="Contact Lists Should Be Equal" library="rf.AddressBook">
<arguments>
<arg>${new_list}</arg>
<arg>${old_list}</arg>
</arguments>
<status status="PASS" starttime="20210517 23:18:55.175" endtime="20210517 23:18:55.175"></status>
</kw>
<status status="PASS" starttime="20210517 23:18:46.850" endtime="20210517 23:18:55.176" critical="yes"></status>
</test>
<test id="s1-t3" name="Edit contact">
<kw name="Get Contact List" library="rf.AddressBook">
<assign>
<var>${old_list}</var>
</assign>
<msg timestamp="20210517 23:18:58.188" level="INFO">${old_list} = [6:Test1 Test2, 8:firstname1 lastname1, 12:Test1 Test2, 14:Test1 Test2, 16:Test1 Test2, 19:Test1 Test2, 22:firstname1 lastname1, 24:firstname1 lastname1, 25:Test1 Test2, 27:Test1 Test2, 28:7Alex 7Song...</msg>
<status status="PASS" starttime="20210517 23:18:55.179" endtime="20210517 23:18:58.188"></status>
</kw>
<kw name="Get Length" library="BuiltIn">
<doc>Returns and logs the length of the given item as an integer.</doc>
<arguments>
<arg>${old_list}</arg>
</arguments>
<assign>
<var>${len}</var>
</assign>
<msg timestamp="20210517 23:18:58.189" level="INFO">Length is 53</msg>
<msg timestamp="20210517 23:18:58.189" level="INFO">${len} = 53</msg>
<status status="PASS" starttime="20210517 23:18:58.189" endtime="20210517 23:18:58.189"></status>
</kw>
<kw name="Evaluate" library="BuiltIn">
<doc>Evaluates the given expression in Python and returns the results.</doc>
<arguments>
<arg>random.randrange(${len})</arg>
<arg>random</arg>
</arguments>
<assign>
<var>${index}</var>
</assign>
<msg timestamp="20210517 23:18:58.190" level="INFO">${index} = 46</msg>
<status status="PASS" starttime="20210517 23:18:58.189" endtime="20210517 23:18:58.190"></status>
</kw>
<kw name="Get From List" library="Collections">
<doc>Returns the value specified with an ``index`` from ``list``.</doc>
<arguments>
<arg>${old_list}</arg>
<arg>${index}</arg>
</arguments>
<assign>
<var>${contact}</var>
</assign>
<msg timestamp="20210517 23:18:58.190" level="INFO">${contact} = 84:firstname1 lastname1</msg>
<status status="PASS" starttime="20210517 23:18:58.190" endtime="20210517 23:18:58.190"></status>
</kw>
<kw name="Edit Contact" library="rf.AddressBook">
<arguments>
<arg>${contact}</arg>
</arguments>
<status status="PASS" starttime="20210517 23:18:58.191" endtime="20210517 23:19:00.904"></status>
</kw>
<kw name="Edited Contact" library="rf.AddressBook">
<arguments>
<arg>firstname1</arg>
<arg>middlename1</arg>
<arg>lastname1</arg>
<arg>nickname1</arg>
<arg>title1</arg>
<arg>company1</arg>
<arg>address1</arg>
<arg>home1</arg>
<arg>11111111</arg>
<arg>1111111</arg>
<arg>111111</arg>
<arg>test@te.te</arg>
<arg>test@te.te</arg>
<arg>test@te.te</arg>
<arg>11111.1111</arg>
<arg>111111</arg>
<arg>11111111</arg>
<arg>111111</arg>
<arg>1</arg>
<arg>January</arg>
<arg>1991</arg>
<arg>1</arg>
<arg>January</arg>
<arg>2001</arg>
</arguments>
<assign>
<var>${new_contact}</var>
</assign>
<msg timestamp="20210517 23:19:00.905" level="INFO">${new_contact} = None:firstname1 lastname1</msg>
<status status="PASS" starttime="20210517 23:19:00.904" endtime="20210517 23:19:00.905"></status>
</kw>
<kw name="Update Contact" library="rf.AddressBook">
<arguments>
<arg>${new_contact}</arg>
</arguments>
<status status="PASS" starttime="20210517 23:19:00.905" endtime="20210517 23:19:09.062"></status>
</kw>
<kw name="Get Contact List" library="rf.AddressBook">
<assign>
<var>${new_list}</var>
</assign>
<msg timestamp="20210517 23:19:12.065" level="INFO">${new_list} = [6:Test1 Test2, 8:firstname1 lastname1, 12:Test1 Test2, 14:Test1 Test2, 16:Test1 Test2, 19:Test1 Test2, 22:firstname1 lastname1, 24:firstname1 lastname1, 25:Test1 Test2, 27:Test1 Test2, 28:7Alex 7Song...</msg>
<status status="PASS" starttime="20210517 23:19:09.063" endtime="20210517 23:19:12.065"></status>
</kw>
<kw name="Update Old List" library="rf.AddressBook">
<arguments>
<arg>${old_list}</arg>
<arg>${new_contact}</arg>
</arguments>
<assign>
<var>${old_list}</var>
</assign>
<msg timestamp="20210517 23:19:12.066" level="INFO">${old_list} = [6:Test1 Test2, 8:firstname1 lastname1, 12:Test1 Test2, 14:Test1 Test2, 16:Test1 Test2, 19:Test1 Test2, 22:firstname1 lastname1, 24:firstname1 lastname1, 25:Test1 Test2, 27:Test1 Test2, 28:7Alex 7Song...</msg>
<status status="PASS" starttime="20210517 23:19:12.066" endtime="20210517 23:19:12.066"></status>
</kw>
<kw name="Contact Lists Should Be Equal" library="rf.AddressBook">
<arguments>
<arg>${new_list}</arg>
<arg>${old_list}</arg>
</arguments>
<status status="PASS" starttime="20210517 23:19:12.067" endtime="20210517 23:19:12.067"></status>
</kw>
<status status="PASS" starttime="20210517 23:18:55.178" endtime="20210517 23:19:12.068" critical="yes"></status>
</test>
<kw name="Run Keyword And Ignore Error" library="BuiltIn" type="teardown">
<doc>Runs the given keyword with the given arguments and ignores possible error.</doc>
<arguments>
<arg>Destroy Fixture</arg>
</arguments>
<kw name="Destroy Fixture" library="rf.AddressBook">
<status status="PASS" starttime="20210517 23:19:12.070" endtime="20210517 23:19:14.187"></status>
</kw>
<status status="PASS" starttime="20210517 23:19:12.069" endtime="20210517 23:19:14.187"></status>
</kw>
<status status="PASS" starttime="20210517 23:18:34.357" endtime="20210517 23:19:14.187"></status>
</suite>
<statistics>
<total>
<stat pass="3" fail="0">Critical Tests</stat>
<stat pass="3" fail="0">All Tests</stat>
</total>
<tag>
</tag>
<suite>
<stat pass="3" fail="0" id="s1" name="Contact Scenarios">Contact Scenarios</stat>
</suite>
</statistics>
<errors>
</errors>
</robot>
